<?xml version="1.0" encoding="UTF-8"?>
<!-- Generated by org.testng.reporters.JUnitXMLReporter -->
<testsuite ignored="0" hostname="HASSEN-HP" failures="0" tests="3" name="Default test" time="0.077" errors="0" timestamp="2023-03-07T14:28:34 EST">
  <testcase classname="com.API.Tests.DataProviderTest" name="dbTest" time="0.008"/>
  <testcase classname="com.API.Tests.DataProviderTest" name="dbTest" time="0.002"/>
  <testcase classname="com.API.Tests.DataProviderTest" name="dbTest" time="0.003"/>
</testsuite> <!-- Default test -->
