<?xml version="1.0" encoding="UTF-8"?>
<!-- Generated by org.testng.reporters.JUnitXMLReporter -->
<testsuite ignored="1" hostname="HASSEN-HP" failures="0" tests="1" name="Default test" time="5.464" errors="0" timestamp="2023-03-06T21:03:32 EST">
  <testcase classname="com.API.Tests.getTests" name="getEmployeeDetails" time="5.403"/>
  <testcase classname="com.API.Tests.getTests" name="getEmployeesDetails" time="0.0">
    <ignored/>
  </testcase> <!-- getEmployeesDetails -->
</testsuite> <!-- Default test -->
