<?xml version="1.0" encoding="UTF-8"?>
<testng-results ignored="1" total="2" passed="0" failed="1" skipped="0">
  <reporter-output>
  </reporter-output>
  <suite started-at="2023-03-07T11:32:17 EST" name="Default suite" finished-at="2023-03-07T11:32:17 EST" duration-ms="126">
    <groups>
    </groups>
    <test started-at="2023-03-07T11:32:17 EST" name="Default test" finished-at="2023-03-07T11:32:17 EST" duration-ms="126">
      <class name="com.API.Tests.postCallTests">
        <test-method signature="postRequestUsingExtrnalFile()[pri:0, instance:com.API.Tests.postCallTests@2f112965]" started-at="2023-03-07T11:32:17 EST" name="postRequestUsingExtrnalFile" finished-at="2023-03-07T11:32:17 EST" duration-ms="62" status="FAIL">
          <exception class="java.nio.file.NoSuchFileException">
            <message>
              <![CDATA[C:\Users\HASSEN\eclipse-workspace\APIAutomationFrameWorkJsons\request.json]]>
            </message>
            <full-stacktrace>
              <![CDATA[java.nio.file.NoSuchFileException: C:\Users\HASSEN\eclipse-workspace\APIAutomationFrameWorkJsons\request.json
at java.base/sun.nio.fs.WindowsException.translateToIOException(WindowsException.java:85)
at java.base/sun.nio.fs.WindowsException.rethrowAsIOException(WindowsException.java:103)
at java.base/sun.nio.fs.WindowsException.rethrowAsIOException(WindowsException.java:108)
at java.base/sun.nio.fs.WindowsFileSystemProvider.newByteChannel(WindowsFileSystemProvider.java:236)
at java.base/java.nio.file.Files.newByteChannel(Files.java:380)
at java.base/java.nio.file.Files.newByteChannel(Files.java:432)
at java.base/java.nio.file.Files.readAllBytes(Files.java:3288)
at com.API.utils.ApiUtils.readJsonAndGetAsString(ApiUtils.java:16)
at com.API.Tests.postCallTests.postRequestUsingExtrnalFile(postCallTests.java:41)
at java.base/jdk.internal.reflect.NativeMethodAccessorImpl.invoke0(Native Method)
at java.base/jdk.internal.reflect.NativeMethodAccessorImpl.invoke(NativeMethodAccessorImpl.java:77)
at java.base/jdk.internal.reflect.DelegatingMethodAccessorImpl.invoke(DelegatingMethodAccessorImpl.java:43)
at java.base/java.lang.reflect.Method.invoke(Method.java:568)
at org.testng.internal.MethodInvocationHelper.invokeMethod(MethodInvocationHelper.java:134)
at org.testng.internal.TestInvoker.invokeMethod(TestInvoker.java:597)
at org.testng.internal.TestInvoker.invokeTestMethod(TestInvoker.java:173)
at org.testng.internal.MethodRunner.runInSequence(MethodRunner.java:46)
at org.testng.internal.TestInvoker$MethodInvocationAgent.invoke(TestInvoker.java:816)
at org.testng.internal.TestInvoker.invokeTestMethods(TestInvoker.java:146)
at org.testng.internal.TestMethodWorker.invokeTestMethods(TestMethodWorker.java:146)
at org.testng.internal.TestMethodWorker.run(TestMethodWorker.java:128)
at java.base/java.util.ArrayList.forEach(ArrayList.java:1511)
at org.testng.TestRunner.privateRun(TestRunner.java:766)
at org.testng.TestRunner.run(TestRunner.java:587)
at org.testng.SuiteRunner.runTest(SuiteRunner.java:384)
at org.testng.SuiteRunner.runSequentially(SuiteRunner.java:378)
at org.testng.SuiteRunner.privateRun(SuiteRunner.java:337)
at org.testng.SuiteRunner.run(SuiteRunner.java:286)
at org.testng.SuiteRunnerWorker.runSuite(SuiteRunnerWorker.java:53)
at org.testng.SuiteRunnerWorker.run(SuiteRunnerWorker.java:96)
at org.testng.TestNG.runSuitesSequentially(TestNG.java:1187)
at org.testng.TestNG.runSuitesLocally(TestNG.java:1109)
at org.testng.TestNG.runSuites(TestNG.java:1039)
at org.testng.TestNG.run(TestNG.java:1007)
at org.testng.remote.AbstractRemoteTestNG.run(AbstractRemoteTestNG.java:115)
at org.testng.remote.RemoteTestNG.initAndRun(RemoteTestNG.java:251)
at org.testng.remote.RemoteTestNG.main(RemoteTestNG.java:77)
]]>
            </full-stacktrace>
          </exception> <!-- java.nio.file.NoSuchFileException -->
          <reporter-output>
          </reporter-output>
        </test-method> <!-- postRequestUsingExtrnalFile -->
      </class> <!-- com.API.Tests.postCallTests -->
    </test> <!-- Default test -->
  </suite> <!-- Default suite -->
</testng-results>
