<?xml version="1.0" encoding="UTF-8"?>
<testng-results ignored="0" total="3" passed="3" failed="0" skipped="0">
  <reporter-output>
  </reporter-output>
  <suite started-at="2023-03-07T14:28:34 EST" name="Default suite" finished-at="2023-03-07T14:28:34 EST" duration-ms="77">
    <groups>
    </groups>
    <test started-at="2023-03-07T14:28:34 EST" name="Default test" finished-at="2023-03-07T14:28:34 EST" duration-ms="77">
      <class name="com.API.Tests.DataProviderTest">
        <test-method signature="dbTest(java.lang.String, java.lang.String)[pri:0, instance:com.API.Tests.DataProviderTest@78aab498]" started-at="2023-03-07T14:28:34 EST" name="dbTest" data-provider="getData" finished-at="2023-03-07T14:28:34 EST" duration-ms="8" status="PASS">
          <params>
            <param index="0">
              <value>
                <![CDATA[abcd]]>
              </value>
            </param>
            <param index="1">
              <value>
                <![CDATA[test]]>
              </value>
            </param>
          </params>
          <reporter-output>
          </reporter-output>
        </test-method> <!-- dbTest -->
        <test-method signature="dbTest(java.lang.String, java.lang.String)[pri:0, instance:com.API.Tests.DataProviderTest@78aab498]" started-at="2023-03-07T14:28:34 EST" name="dbTest" data-provider="getData" finished-at="2023-03-07T14:28:34 EST" duration-ms="2" status="PASS">
          <params>
            <param index="0">
              <value>
                <![CDATA[efgsh]]>
              </value>
            </param>
            <param index="1">
              <value>
                <![CDATA[test2]]>
              </value>
            </param>
          </params>
          <reporter-output>
          </reporter-output>
        </test-method> <!-- dbTest -->
        <test-method signature="dbTest(java.lang.String, java.lang.String)[pri:0, instance:com.API.Tests.DataProviderTest@78aab498]" started-at="2023-03-07T14:28:34 EST" name="dbTest" data-provider="getData" finished-at="2023-03-07T14:28:34 EST" duration-ms="3" status="PASS">
          <params>
            <param index="0">
              <value>
                <![CDATA[ijkl]]>
              </value>
            </param>
            <param index="1">
              <value>
                <![CDATA[test3]]>
              </value>
            </param>
          </params>
          <reporter-output>
          </reporter-output>
        </test-method> <!-- dbTest -->
      </class> <!-- com.API.Tests.DataProviderTest -->
    </test> <!-- Default test -->
  </suite> <!-- Default suite -->
</testng-results>
